# Logfile created on 2015-03-23 12:22:38 -0400 by logger.rb/44203
I, [2015-03-23T12:22:38.454388 #89524]  INFO -- : 0:  rake (10.4.2) from /Users/adityanarayan/.rvm/gems/ruby-2.1.0/specifications/rake-10.4.2.gemspec
I, [2015-03-23T12:22:38.454706 #89524]  INFO -- : 0:  i18n (0.7.0) from /Users/adityanarayan/.rvm/gems/ruby-2.1.0/specifications/i18n-0.7.0.gemspec
I, [2015-03-23T12:22:38.454971 #89524]  INFO -- : 0:  json (1.8.2) from /Users/adityanarayan/.rvm/gems/ruby-2.1.0/specifications/json-1.8.2.gemspec
I, [2015-03-23T12:22:38.455232 #89524]  INFO -- : 0:  minitest (5.5.1) from /Users/adityanarayan/.rvm/gems/ruby-2.1.0/specifications/minitest-5.5.1.gemspec
I, [2015-03-23T12:22:38.455486 #89524]  INFO -- : 0:  thread_safe (0.3.5) from /Users/adityanarayan/.rvm/gems/ruby-2.1.0/specifications/thread_safe-0.3.5.gemspec
I, [2015-03-23T12:22:38.455743 #89524]  INFO -- : 0:  tzinfo (1.2.2) from /Users/adityanarayan/.rvm/gems/ruby-2.1.0/specifications/tzinfo-1.2.2.gemspec
I, [2015-03-23T12:22:38.455993 #89524]  INFO -- : 0:  activesupport (4.1.8) from /Users/adityanarayan/.rvm/gems/ruby-2.1.0/specifications/activesupport-4.1.8.gemspec
I, [2015-03-23T12:22:38.456234 #89524]  INFO -- : 0:  builder (3.2.2) from /Users/adityanarayan/.rvm/gems/ruby-2.1.0/specifications/builder-3.2.2.gemspec
I, [2015-03-23T12:22:38.456466 #89524]  INFO -- : 0:  erubis (2.7.0) from /Users/adityanarayan/.rvm/gems/ruby-2.1.0/specifications/erubis-2.7.0.gemspec
I, [2015-03-23T12:22:38.456708 #89524]  INFO -- : 0:  actionview (4.1.8) from /Users/adityanarayan/.rvm/gems/ruby-2.1.0/specifications/actionview-4.1.8.gemspec
I, [2015-03-23T12:22:38.456944 #89524]  INFO -- : 0:  rack (1.5.2) from /Users/adityanarayan/.rvm/gems/ruby-2.1.0/specifications/rack-1.5.2.gemspec
I, [2015-03-23T12:22:38.457207 #89524]  INFO -- : 0:  rack-test (0.6.3) from /Users/adityanarayan/.rvm/gems/ruby-2.1.0/specifications/rack-test-0.6.3.gemspec
I, [2015-03-23T12:22:38.457443 #89524]  INFO -- : 0:  actionpack (4.1.8) from /Users/adityanarayan/.rvm/gems/ruby-2.1.0/specifications/actionpack-4.1.8.gemspec
I, [2015-03-23T12:22:38.457679 #89524]  INFO -- : 0:  mime-types (2.4.3) from /Users/adityanarayan/.rvm/gems/ruby-2.1.0/specifications/mime-types-2.4.3.gemspec
I, [2015-03-23T12:22:38.457911 #89524]  INFO -- : 0:  mail (2.6.3) from /Users/adityanarayan/.rvm/gems/ruby-2.1.0/specifications/mail-2.6.3.gemspec
I, [2015-03-23T12:22:38.458156 #89524]  INFO -- : 0:  actionmailer (4.1.8) from /Users/adityanarayan/.rvm/gems/ruby-2.1.0/specifications/actionmailer-4.1.8.gemspec
I, [2015-03-23T12:22:38.458402 #89524]  INFO -- : 0:  activemodel (4.1.8) from /Users/adityanarayan/.rvm/gems/ruby-2.1.0/specifications/activemodel-4.1.8.gemspec
I, [2015-03-23T12:22:38.458635 #89524]  INFO -- : 0:  arel (5.0.1.20140414130214) from /Users/adityanarayan/.rvm/gems/ruby-2.1.0/specifications/arel-5.0.1.20140414130214.gemspec
I, [2015-03-23T12:22:38.458882 #89524]  INFO -- : 0:  activerecord (4.1.8) from /Users/adityanarayan/.rvm/gems/ruby-2.1.0/specifications/activerecord-4.1.8.gemspec
I, [2015-03-23T12:22:38.459129 #89524]  INFO -- : 0:  bundler (1.5.1) from /Users/adityanarayan/.rvm/gems/ruby-2.1.0@global/specifications/bundler-1.5.1.gemspec
I, [2015-03-23T12:22:38.459391 #89524]  INFO -- : 0:  coffee-script-source (1.9.1) from /Users/adityanarayan/.rvm/gems/ruby-2.1.0/specifications/coffee-script-source-1.9.1.gemspec
I, [2015-03-23T12:22:38.459635 #89524]  INFO -- : 0:  execjs (2.4.0) from /Users/adityanarayan/.rvm/gems/ruby-2.1.0/specifications/execjs-2.4.0.gemspec
I, [2015-03-23T12:22:38.459869 #89524]  INFO -- : 0:  coffee-script (2.3.0) from /Users/adityanarayan/.rvm/gems/ruby-2.1.0/specifications/coffee-script-2.3.0.gemspec
I, [2015-03-23T12:22:38.460102 #89524]  INFO -- : 0:  thor (0.19.1) from /Users/adityanarayan/.rvm/gems/ruby-2.1.0/specifications/thor-0.19.1.gemspec
I, [2015-03-23T12:22:38.460366 #89524]  INFO -- : 0:  railties (4.1.8) from /Users/adityanarayan/.rvm/gems/ruby-2.1.0/specifications/railties-4.1.8.gemspec
I, [2015-03-23T12:22:38.460627 #89524]  INFO -- : 0:  coffee-rails (4.0.1) from /Users/adityanarayan/.rvm/gems/ruby-2.1.0/specifications/coffee-rails-4.0.1.gemspec
I, [2015-03-23T12:22:38.461097 #89524]  INFO -- : 0:  hike (1.2.3) from /Users/adityanarayan/.rvm/gems/ruby-2.1.0/specifications/hike-1.2.3.gemspec
I, [2015-03-23T12:22:38.461354 #89524]  INFO -- : 0:  multi_json (1.11.0) from /Users/adityanarayan/.rvm/gems/ruby-2.1.0/specifications/multi_json-1.11.0.gemspec
I, [2015-03-23T12:22:39.835456 #89524]  INFO -- : 0:  jbuilder (2.2.12) from /Users/adityanarayan/.rvm/gems/ruby-2.1.0/specifications/jbuilder-2.2.12.gemspec
I, [2015-03-23T12:22:39.835878 #89524]  INFO -- : 0:  jquery-rails (3.1.2) from /Users/adityanarayan/.rvm/gems/ruby-2.1.0/specifications/jquery-rails-3.1.2.gemspec
I, [2015-03-23T12:22:39.836161 #89524]  INFO -- : 0:  tilt (1.4.1) from /Users/adityanarayan/.rvm/gems/ruby-2.1.0/specifications/tilt-1.4.1.gemspec
I, [2015-03-23T12:22:39.836455 #89524]  INFO -- : 0:  sprockets (2.12.3) from /Users/adityanarayan/.rvm/gems/ruby-2.1.0/specifications/sprockets-2.12.3.gemspec
I, [2015-03-23T12:22:39.836722 #89524]  INFO -- : 0:  sprockets-rails (2.2.4) from /Users/adityanarayan/.rvm/gems/ruby-2.1.0/specifications/sprockets-rails-2.2.4.gemspec
I, [2015-03-23T12:22:39.836995 #89524]  INFO -- : 0:  rails (4.1.8) from /Users/adityanarayan/.rvm/gems/ruby-2.1.0/specifications/rails-4.1.8.gemspec
I, [2015-03-23T12:22:39.837278 #89524]  INFO -- : 0:  rdoc (4.2.0) from /Users/adityanarayan/.rvm/gems/ruby-2.1.0/specifications/rdoc-4.2.0.gemspec
I, [2015-03-23T12:22:39.837550 #89524]  INFO -- : 0:  sass (3.2.19) from /Users/adityanarayan/.rvm/gems/ruby-2.1.0/specifications/sass-3.2.19.gemspec
I, [2015-03-23T12:22:39.837828 #89524]  INFO -- : 0:  sass-rails (4.0.5) from /Users/adityanarayan/.rvm/gems/ruby-2.1.0/specifications/sass-rails-4.0.5.gemspec
I, [2015-03-23T12:22:39.838082 #89524]  INFO -- : 0:  sdoc (0.4.1) from /Users/adityanarayan/.rvm/gems/ruby-2.1.0/specifications/sdoc-0.4.1.gemspec
I, [2015-03-23T12:22:39.838340 #89524]  INFO -- : 0:  spring (1.3.3) from /Users/adityanarayan/.rvm/gems/ruby-2.1.0/specifications/spring-1.3.3.gemspec
I, [2015-03-23T12:22:39.838600 #89524]  INFO -- : 0:  sqlite3 (1.3.10) from /Users/adityanarayan/.rvm/gems/ruby-2.1.0/specifications/sqlite3-1.3.10.gemspec
I, [2015-03-23T12:22:39.838887 #89524]  INFO -- : 0:  turbolinks (2.5.3) from /Users/adityanarayan/.rvm/gems/ruby-2.1.0/specifications/turbolinks-2.5.3.gemspec
I, [2015-03-23T12:22:39.839155 #89524]  INFO -- : 0:  uglifier (2.7.1) from /Users/adityanarayan/.rvm/gems/ruby-2.1.0/specifications/uglifier-2.7.1.gemspec
I, [2015-03-23T12:32:52.295641 #89670]  INFO -- : 0:  rake (10.4.2) from /Users/adityanarayan/.rvm/gems/ruby-2.1.0/specifications/rake-10.4.2.gemspec
I, [2015-03-23T12:32:52.296034 #89670]  INFO -- : 0:  i18n (0.7.0) from /Users/adityanarayan/.rvm/gems/ruby-2.1.0/specifications/i18n-0.7.0.gemspec
I, [2015-03-23T12:32:52.296323 #89670]  INFO -- : 0:  json (1.8.2) from /Users/adityanarayan/.rvm/gems/ruby-2.1.0/specifications/json-1.8.2.gemspec
I, [2015-03-23T12:32:52.296622 #89670]  INFO -- : 0:  minitest (5.5.1) from /Users/adityanarayan/.rvm/gems/ruby-2.1.0/specifications/minitest-5.5.1.gemspec
I, [2015-03-23T12:32:52.296890 #89670]  INFO -- : 0:  thread_safe (0.3.5) from /Users/adityanarayan/.rvm/gems/ruby-2.1.0/specifications/thread_safe-0.3.5.gemspec
I, [2015-03-23T12:32:52.297168 #89670]  INFO -- : 0:  tzinfo (1.2.2) from /Users/adityanarayan/.rvm/gems/ruby-2.1.0/specifications/tzinfo-1.2.2.gemspec
I, [2015-03-23T12:32:52.297430 #89670]  INFO -- : 0:  activesupport (4.1.8) from /Users/adityanarayan/.rvm/gems/ruby-2.1.0/specifications/activesupport-4.1.8.gemspec
I, [2015-03-23T12:32:52.297723 #89670]  INFO -- : 0:  builder (3.2.2) from /Users/adityanarayan/.rvm/gems/ruby-2.1.0/specifications/builder-3.2.2.gemspec
I, [2015-03-23T12:32:52.298013 #89670]  INFO -- : 0:  erubis (2.7.0) from /Users/adityanarayan/.rvm/gems/ruby-2.1.0/specifications/erubis-2.7.0.gemspec
I, [2015-03-23T12:32:52.298282 #89670]  INFO -- : 0:  actionview (4.1.8) from /Users/adityanarayan/.rvm/gems/ruby-2.1.0/specifications/actionview-4.1.8.gemspec
I, [2015-03-23T12:32:52.298557 #89670]  INFO -- : 0:  rack (1.5.2) from /Users/adityanarayan/.rvm/gems/ruby-2.1.0/specifications/rack-1.5.2.gemspec
I, [2015-03-23T12:32:52.298837 #89670]  INFO -- : 0:  rack-test (0.6.3) from /Users/adityanarayan/.rvm/gems/ruby-2.1.0/specifications/rack-test-0.6.3.gemspec
I, [2015-03-23T12:32:52.299108 #89670]  INFO -- : 0:  actionpack (4.1.8) from /Users/adityanarayan/.rvm/gems/ruby-2.1.0/specifications/actionpack-4.1.8.gemspec
I, [2015-03-23T12:32:52.299385 #89670]  INFO -- : 0:  mime-types (2.4.3) from /Users/adityanarayan/.rvm/gems/ruby-2.1.0/specifications/mime-types-2.4.3.gemspec
I, [2015-03-23T12:32:52.299636 #89670]  INFO -- : 0:  mail (2.6.3) from /Users/adityanarayan/.rvm/gems/ruby-2.1.0/specifications/mail-2.6.3.gemspec
I, [2015-03-23T12:32:52.299931 #89670]  INFO -- : 0:  actionmailer (4.1.8) from /Users/adityanarayan/.rvm/gems/ruby-2.1.0/specifications/actionmailer-4.1.8.gemspec
I, [2015-03-23T12:32:52.300257 #89670]  INFO -- : 0:  activemodel (4.1.8) from /Users/adityanarayan/.rvm/gems/ruby-2.1.0/specifications/activemodel-4.1.8.gemspec
I, [2015-03-23T12:32:52.300531 #89670]  INFO -- : 0:  arel (5.0.1.20140414130214) from /Users/adityanarayan/.rvm/gems/ruby-2.1.0/specifications/arel-5.0.1.20140414130214.gemspec
I, [2015-03-23T12:32:52.300809 #89670]  INFO -- : 0:  activerecord (4.1.8) from /Users/adityanarayan/.rvm/gems/ruby-2.1.0/specifications/activerecord-4.1.8.gemspec
I, [2015-03-23T12:32:52.301079 #89670]  INFO -- : 0:  addressable (2.3.7) from /Users/adityanarayan/.rvm/gems/ruby-2.1.0/specifications/addressable-2.3.7.gemspec
I, [2015-03-23T12:32:52.301339 #89670]  INFO -- : 0:  mini_portile (0.6.2) from /Users/adityanarayan/.rvm/gems/ruby-2.1.0/specifications/mini_portile-0.6.2.gemspec
I, [2015-03-23T12:32:52.301621 #89670]  INFO -- : 0:  nokogiri (1.6.6.2) from /Users/adityanarayan/.rvm/gems/ruby-2.1.0/specifications/nokogiri-1.6.6.2.gemspec
I, [2015-03-23T12:32:52.301946 #89670]  INFO -- : 0:  xpath (2.0.0) from /Users/adityanarayan/.rvm/gems/ruby-2.1.0/specifications/xpath-2.0.0.gemspec
I, [2015-03-23T12:32:52.302214 #89670]  INFO -- : 0:  capybara (2.4.4) from /Users/adityanarayan/.rvm/gems/ruby-2.1.0/specifications/capybara-2.4.4.gemspec
I, [2015-03-23T12:32:52.302502 #89670]  INFO -- : 0:  ffi (1.9.8) from /Users/adityanarayan/.rvm/gems/ruby-2.1.0/specifications/ffi-1.9.8.gemspec
I, [2015-03-23T12:32:52.302785 #89670]  INFO -- : 0:  childprocess (0.5.5) from /Users/adityanarayan/.rvm/gems/ruby-2.1.0/specifications/childprocess-0.5.5.gemspec
I, [2015-03-23T12:32:52.303119 #89670]  INFO -- : 0:  coffee-script-source (1.9.1) from /Users/adityanarayan/.rvm/gems/ruby-2.1.0/specifications/coffee-script-source-1.9.1.gemspec
I, [2015-03-23T12:32:52.303407 #89670]  INFO -- : 0:  execjs (2.4.0) from /Users/adityanarayan/.rvm/gems/ruby-2.1.0/specifications/execjs-2.4.0.gemspec
I, [2015-03-23T12:32:52.303685 #89670]  INFO -- : 0:  coffee-script (2.3.0) from /Users/adityanarayan/.rvm/gems/ruby-2.1.0/specifications/coffee-script-2.3.0.gemspec
I, [2015-03-23T12:32:52.303937 #89670]  INFO -- : 0:  thor (0.19.1) from /Users/adityanarayan/.rvm/gems/ruby-2.1.0/specifications/thor-0.19.1.gemspec
I, [2015-03-23T12:32:52.304246 #89670]  INFO -- : 0:  railties (4.1.8) from /Users/adityanarayan/.rvm/gems/ruby-2.1.0/specifications/railties-4.1.8.gemspec
I, [2015-03-23T12:32:52.304522 #89670]  INFO -- : 0:  coffee-rails (4.0.1) from /Users/adityanarayan/.rvm/gems/ruby-2.1.0/specifications/coffee-rails-4.0.1.gemspec
I, [2015-03-23T12:32:52.304788 #89670]  INFO -- : 0:  database_cleaner (1.3.0) from /Users/adityanarayan/.rvm/gems/ruby-2.1.0/specifications/database_cleaner-1.3.0.gemspec
I, [2015-03-23T12:32:52.305054 #89670]  INFO -- : 0:  diff-lcs (1.2.5) from /Users/adityanarayan/.rvm/gems/ruby-2.1.0/specifications/diff-lcs-1.2.5.gemspec
I, [2015-03-23T12:32:52.305340 #89670]  INFO -- : 0:  factory_girl (4.4.0) from /Users/adityanarayan/.rvm/gems/ruby-2.1.0/specifications/factory_girl-4.4.0.gemspec
I, [2015-03-23T12:32:52.305612 #89670]  INFO -- : 0:  factory_girl_rails (4.4.1) from /Users/adityanarayan/.rvm/gems/ruby-2.1.0/specifications/factory_girl_rails-4.4.1.gemspec
I, [2015-03-23T12:32:52.305886 #89670]  INFO -- : 0:  faker (1.4.3) from /Users/adityanarayan/.rvm/gems/ruby-2.1.0/specifications/faker-1.4.3.gemspec
I, [2015-03-23T12:32:52.306128 #89670]  INFO -- : 0:  hike (1.2.3) from /Users/adityanarayan/.rvm/gems/ruby-2.1.0/specifications/hike-1.2.3.gemspec
I, [2015-03-23T12:32:52.306404 #89670]  INFO -- : 0:  multi_json (1.11.0) from /Users/adityanarayan/.rvm/gems/ruby-2.1.0/specifications/multi_json-1.11.0.gemspec
I, [2015-03-23T12:32:52.306689 #89670]  INFO -- : 0:  jbuilder (2.2.12) from /Users/adityanarayan/.rvm/gems/ruby-2.1.0/specifications/jbuilder-2.2.12.gemspec
I, [2015-03-23T12:32:52.306975 #89670]  INFO -- : 0:  jquery-rails (3.1.2) from /Users/adityanarayan/.rvm/gems/ruby-2.1.0/specifications/jquery-rails-3.1.2.gemspec
I, [2015-03-23T12:32:52.307243 #89670]  INFO -- : 0:  launchy (2.4.3) from /Users/adityanarayan/.rvm/gems/ruby-2.1.0/specifications/launchy-2.4.3.gemspec
I, [2015-03-23T12:32:52.307503 #89670]  INFO -- : 0:  bundler (1.5.1) from /Users/adityanarayan/.rvm/gems/ruby-2.1.0@global/specifications/bundler-1.5.1.gemspec
I, [2015-03-23T12:32:52.307809 #89670]  INFO -- : 0:  tilt (1.4.1) from /Users/adityanarayan/.rvm/gems/ruby-2.1.0/specifications/tilt-1.4.1.gemspec
I, [2015-03-23T12:32:52.308107 #89670]  INFO -- : 0:  sprockets (2.12.3) from /Users/adityanarayan/.rvm/gems/ruby-2.1.0/specifications/sprockets-2.12.3.gemspec
I, [2015-03-23T12:32:52.308375 #89670]  INFO -- : 0:  sprockets-rails (2.2.4) from /Users/adityanarayan/.rvm/gems/ruby-2.1.0/specifications/sprockets-rails-2.2.4.gemspec
I, [2015-03-23T12:32:52.308646 #89670]  INFO -- : 0:  rails (4.1.8) from /Users/adityanarayan/.rvm/gems/ruby-2.1.0/specifications/rails-4.1.8.gemspec
I, [2015-03-23T12:32:52.308932 #89670]  INFO -- : 0:  rdoc (4.2.0) from /Users/adityanarayan/.rvm/gems/ruby-2.1.0/specifications/rdoc-4.2.0.gemspec
I, [2015-03-23T12:32:52.309221 #89670]  INFO -- : 0:  rspec-support (3.1.0) from /Users/adityanarayan/.rvm/gems/ruby-2.1.0/specifications/rspec-support-3.1.0.gemspec
I, [2015-03-23T12:32:52.309495 #89670]  INFO -- : 0:  rspec-core (3.1.3) from /Users/adityanarayan/.rvm/gems/ruby-2.1.0/specifications/rspec-core-3.1.3.gemspec
I, [2015-03-23T12:32:52.309767 #89670]  INFO -- : 0:  rspec-expectations (3.1.1) from /Users/adityanarayan/.rvm/gems/ruby-2.1.0/specifications/rspec-expectations-3.1.1.gemspec
I, [2015-03-23T12:32:52.310044 #89670]  INFO -- : 0:  rspec-mocks (3.1.0) from /Users/adityanarayan/.rvm/gems/ruby-2.1.0/specifications/rspec-mocks-3.1.0.gemspec
I, [2015-03-23T12:32:52.310326 #89670]  INFO -- : 0:  rspec-rails (3.1.0) from /Users/adityanarayan/.rvm/gems/ruby-2.1.0/specifications/rspec-rails-3.1.0.gemspec
I, [2015-03-23T12:32:52.310604 #89670]  INFO -- : 0:  rubyzip (1.1.7) from /Users/adityanarayan/.rvm/gems/ruby-2.1.0/specifications/rubyzip-1.1.7.gemspec
I, [2015-03-23T12:32:52.310867 #89670]  INFO -- : 0:  sass (3.2.19) from /Users/adityanarayan/.rvm/gems/ruby-2.1.0/specifications/sass-3.2.19.gemspec
I, [2015-03-23T12:32:52.311133 #89670]  INFO -- : 0:  sass-rails (4.0.5) from /Users/adityanarayan/.rvm/gems/ruby-2.1.0/specifications/sass-rails-4.0.5.gemspec
I, [2015-03-23T12:32:52.311395 #89670]  INFO -- : 0:  sdoc (0.4.1) from /Users/adityanarayan/.rvm/gems/ruby-2.1.0/specifications/sdoc-0.4.1.gemspec
I, [2015-03-23T12:32:52.311665 #89670]  INFO -- : 0:  websocket (1.2.1) from /Users/adityanarayan/.rvm/gems/ruby-2.1.0/specifications/websocket-1.2.1.gemspec
I, [2015-03-23T12:32:52.311937 #89670]  INFO -- : 0:  selenium-webdriver (2.43.0) from /Users/adityanarayan/.rvm/gems/ruby-2.1.0/specifications/selenium-webdriver-2.43.0.gemspec
I, [2015-03-23T12:32:52.312268 #89670]  INFO -- : 0:  spring (1.3.3) from /Users/adityanarayan/.rvm/gems/ruby-2.1.0/specifications/spring-1.3.3.gemspec
I, [2015-03-23T12:32:52.312548 #89670]  INFO -- : 0:  sqlite3 (1.3.10) from /Users/adityanarayan/.rvm/gems/ruby-2.1.0/specifications/sqlite3-1.3.10.gemspec
I, [2015-03-23T12:32:52.312829 #89670]  INFO -- : 0:  turbolinks (2.5.3) from /Users/adityanarayan/.rvm/gems/ruby-2.1.0/specifications/turbolinks-2.5.3.gemspec
I, [2015-03-23T12:32:52.313145 #89670]  INFO -- : 0:  uglifier (2.7.1) from /Users/adityanarayan/.rvm/gems/ruby-2.1.0/specifications/uglifier-2.7.1.gemspec
I, [2015-03-25T12:27:20.976839 #94476]  INFO -- : 0:  rake (10.4.2) from /Users/adityanarayan/.rvm/gems/ruby-2.1.0/specifications/rake-10.4.2.gemspec
I, [2015-03-25T12:27:21.004938 #94476]  INFO -- : 0:  i18n (0.7.0) from /Users/adityanarayan/.rvm/gems/ruby-2.1.0/specifications/i18n-0.7.0.gemspec
I, [2015-03-25T12:27:21.005290 #94476]  INFO -- : 0:  json (1.8.2) from /Users/adityanarayan/.rvm/gems/ruby-2.1.0/specifications/json-1.8.2.gemspec
I, [2015-03-25T12:27:21.005672 #94476]  INFO -- : 0:  minitest (5.5.1) from /Users/adityanarayan/.rvm/gems/ruby-2.1.0/specifications/minitest-5.5.1.gemspec
I, [2015-03-25T12:27:21.005994 #94476]  INFO -- : 0:  thread_safe (0.3.5) from /Users/adityanarayan/.rvm/gems/ruby-2.1.0/specifications/thread_safe-0.3.5.gemspec
I, [2015-03-25T12:27:21.006883 #94476]  INFO -- : 0:  tzinfo (1.2.2) from /Users/adityanarayan/.rvm/gems/ruby-2.1.0/specifications/tzinfo-1.2.2.gemspec
I, [2015-03-25T12:27:21.007266 #94476]  INFO -- : 0:  activesupport (4.1.8) from /Users/adityanarayan/.rvm/gems/ruby-2.1.0/specifications/activesupport-4.1.8.gemspec
I, [2015-03-25T12:27:21.007573 #94476]  INFO -- : 0:  builder (3.2.2) from /Users/adityanarayan/.rvm/gems/ruby-2.1.0/specifications/builder-3.2.2.gemspec
I, [2015-03-25T12:27:21.007891 #94476]  INFO -- : 0:  erubis (2.7.0) from /Users/adityanarayan/.rvm/gems/ruby-2.1.0/specifications/erubis-2.7.0.gemspec
I, [2015-03-25T12:27:21.008196 #94476]  INFO -- : 0:  actionview (4.1.8) from /Users/adityanarayan/.rvm/gems/ruby-2.1.0/specifications/actionview-4.1.8.gemspec
I, [2015-03-25T12:27:21.008484 #94476]  INFO -- : 0:  rack (1.5.2) from /Users/adityanarayan/.rvm/gems/ruby-2.1.0/specifications/rack-1.5.2.gemspec
I, [2015-03-25T12:27:21.008776 #94476]  INFO -- : 0:  rack-test (0.6.3) from /Users/adityanarayan/.rvm/gems/ruby-2.1.0/specifications/rack-test-0.6.3.gemspec
I, [2015-03-25T12:27:21.009078 #94476]  INFO -- : 0:  actionpack (4.1.8) from /Users/adityanarayan/.rvm/gems/ruby-2.1.0/specifications/actionpack-4.1.8.gemspec
I, [2015-03-25T12:27:21.009385 #94476]  INFO -- : 0:  mime-types (2.4.3) from /Users/adityanarayan/.rvm/gems/ruby-2.1.0/specifications/mime-types-2.4.3.gemspec
I, [2015-03-25T12:27:21.009659 #94476]  INFO -- : 0:  mail (2.6.3) from /Users/adityanarayan/.rvm/gems/ruby-2.1.0/specifications/mail-2.6.3.gemspec
I, [2015-03-25T12:27:21.009980 #94476]  INFO -- : 0:  actionmailer (4.1.8) from /Users/adityanarayan/.rvm/gems/ruby-2.1.0/specifications/actionmailer-4.1.8.gemspec
I, [2015-03-25T12:27:21.010269 #94476]  INFO -- : 0:  activemodel (4.1.8) from /Users/adityanarayan/.rvm/gems/ruby-2.1.0/specifications/activemodel-4.1.8.gemspec
I, [2015-03-25T12:27:21.010553 #94476]  INFO -- : 0:  arel (5.0.1.20140414130214) from /Users/adityanarayan/.rvm/gems/ruby-2.1.0/specifications/arel-5.0.1.20140414130214.gemspec
I, [2015-03-25T12:27:21.010919 #94476]  INFO -- : 0:  activerecord (4.1.8) from /Users/adityanarayan/.rvm/gems/ruby-2.1.0/specifications/activerecord-4.1.8.gemspec
I, [2015-03-25T12:27:21.011185 #94476]  INFO -- : 0:  addressable (2.3.7) from /Users/adityanarayan/.rvm/gems/ruby-2.1.0/specifications/addressable-2.3.7.gemspec
I, [2015-03-25T12:27:21.011461 #94476]  INFO -- : 0:  bundler (1.5.1) from /Users/adityanarayan/.rvm/gems/ruby-2.1.0@global/specifications/bundler-1.5.1.gemspec
I, [2015-03-25T12:27:21.011770 #94476]  INFO -- : 0:  mini_portile (0.6.2) from /Users/adityanarayan/.rvm/gems/ruby-2.1.0/specifications/mini_portile-0.6.2.gemspec
I, [2015-03-25T12:27:21.012043 #94476]  INFO -- : 0:  nokogiri (1.6.6.2) from /Users/adityanarayan/.rvm/gems/ruby-2.1.0/specifications/nokogiri-1.6.6.2.gemspec
I, [2015-03-25T12:27:21.012323 #94476]  INFO -- : 0:  xpath (2.0.0) from /Users/adityanarayan/.rvm/gems/ruby-2.1.0/specifications/xpath-2.0.0.gemspec
I, [2015-03-25T12:27:21.012593 #94476]  INFO -- : 0:  capybara (2.4.4) from /Users/adityanarayan/.rvm/gems/ruby-2.1.0/specifications/capybara-2.4.4.gemspec
I, [2015-03-25T12:27:21.012892 #94476]  INFO -- : 0:  ffi (1.9.8) from /Users/adityanarayan/.rvm/gems/ruby-2.1.0/specifications/ffi-1.9.8.gemspec
I, [2015-03-25T12:27:21.013162 #94476]  INFO -- : 0:  childprocess (0.5.5) from /Users/adityanarayan/.rvm/gems/ruby-2.1.0/specifications/childprocess-0.5.5.gemspec
I, [2015-03-25T12:27:21.013468 #94476]  INFO -- : 0:  coffee-script-source (1.9.1) from /Users/adityanarayan/.rvm/gems/ruby-2.1.0/specifications/coffee-script-source-1.9.1.gemspec
I, [2015-03-25T12:27:21.013749 #94476]  INFO -- : 0:  execjs (2.4.0) from /Users/adityanarayan/.rvm/gems/ruby-2.1.0/specifications/execjs-2.4.0.gemspec
I, [2015-03-25T12:27:21.014043 #94476]  INFO -- : 0:  coffee-script (2.3.0) from /Users/adityanarayan/.rvm/gems/ruby-2.1.0/specifications/coffee-script-2.3.0.gemspec
I, [2015-03-25T12:27:21.014330 #94476]  INFO -- : 0:  thor (0.19.1) from /Users/adityanarayan/.rvm/gems/ruby-2.1.0/specifications/thor-0.19.1.gemspec
I, [2015-03-25T12:27:21.014644 #94476]  INFO -- : 0:  railties (4.1.8) from /Users/adityanarayan/.rvm/gems/ruby-2.1.0/specifications/railties-4.1.8.gemspec
I, [2015-03-25T12:27:21.014911 #94476]  INFO -- : 0:  coffee-rails (4.0.1) from /Users/adityanarayan/.rvm/gems/ruby-2.1.0/specifications/coffee-rails-4.0.1.gemspec
I, [2015-03-25T12:27:21.015202 #94476]  INFO -- : 0:  database_cleaner (1.3.0) from /Users/adityanarayan/.rvm/gems/ruby-2.1.0/specifications/database_cleaner-1.3.0.gemspec
I, [2015-03-25T12:27:21.015468 #94476]  INFO -- : 0:  diff-lcs (1.2.5) from /Users/adityanarayan/.rvm/gems/ruby-2.1.0/specifications/diff-lcs-1.2.5.gemspec
I, [2015-03-25T12:27:21.015769 #94476]  INFO -- : 0:  launchy (2.4.3) from /Users/adityanarayan/.rvm/gems/ruby-2.1.0/specifications/launchy-2.4.3.gemspec
I, [2015-03-25T12:27:22.328335 #94476]  INFO -- : 0:  email_spec (1.6.0) from /Users/adityanarayan/.rvm/gems/ruby-2.1.0/specifications/email_spec-1.6.0.gemspec
I, [2015-03-25T12:27:22.328765 #94476]  INFO -- : 0:  factory_girl (4.4.0) from /Users/adityanarayan/.rvm/gems/ruby-2.1.0/specifications/factory_girl-4.4.0.gemspec
I, [2015-03-25T12:27:22.329062 #94476]  INFO -- : 0:  factory_girl_rails (4.4.1) from /Users/adityanarayan/.rvm/gems/ruby-2.1.0/specifications/factory_girl_rails-4.4.1.gemspec
I, [2015-03-25T12:27:22.329326 #94476]  INFO -- : 0:  faker (1.4.3) from /Users/adityanarayan/.rvm/gems/ruby-2.1.0/specifications/faker-1.4.3.gemspec
I, [2015-03-25T12:27:22.330080 #94476]  INFO -- : 0:  hike (1.2.3) from /Users/adityanarayan/.rvm/gems/ruby-2.1.0/specifications/hike-1.2.3.gemspec
I, [2015-03-25T12:27:22.330422 #94476]  INFO -- : 0:  multi_json (1.11.0) from /Users/adityanarayan/.rvm/gems/ruby-2.1.0/specifications/multi_json-1.11.0.gemspec
I, [2015-03-25T12:27:22.330741 #94476]  INFO -- : 0:  jbuilder (2.2.12) from /Users/adityanarayan/.rvm/gems/ruby-2.1.0/specifications/jbuilder-2.2.12.gemspec
I, [2015-03-25T12:27:22.331044 #94476]  INFO -- : 0:  jquery-rails (3.1.2) from /Users/adityanarayan/.rvm/gems/ruby-2.1.0/specifications/jquery-rails-3.1.2.gemspec
I, [2015-03-25T12:27:22.331320 #94476]  INFO -- : 0:  tilt (1.4.1) from /Users/adityanarayan/.rvm/gems/ruby-2.1.0/specifications/tilt-1.4.1.gemspec
I, [2015-03-25T12:27:22.331599 #94476]  INFO -- : 0:  sprockets (2.12.3) from /Users/adityanarayan/.rvm/gems/ruby-2.1.0/specifications/sprockets-2.12.3.gemspec
I, [2015-03-25T12:27:22.331876 #94476]  INFO -- : 0:  sprockets-rails (2.2.4) from /Users/adityanarayan/.rvm/gems/ruby-2.1.0/specifications/sprockets-rails-2.2.4.gemspec
I, [2015-03-25T12:27:22.332157 #94476]  INFO -- : 0:  rails (4.1.8) from /Users/adityanarayan/.rvm/gems/ruby-2.1.0/specifications/rails-4.1.8.gemspec
I, [2015-03-25T12:27:22.332440 #94476]  INFO -- : 0:  rdoc (4.2.0) from /Users/adityanarayan/.rvm/gems/ruby-2.1.0/specifications/rdoc-4.2.0.gemspec
I, [2015-03-25T12:27:22.332706 #94476]  INFO -- : 0:  rspec-support (3.1.0) from /Users/adityanarayan/.rvm/gems/ruby-2.1.0/specifications/rspec-support-3.1.0.gemspec
I, [2015-03-25T12:27:22.332995 #94476]  INFO -- : 0:  rspec-core (3.1.3) from /Users/adityanarayan/.rvm/gems/ruby-2.1.0/specifications/rspec-core-3.1.3.gemspec
I, [2015-03-25T12:27:22.333264 #94476]  INFO -- : 0:  rspec-expectations (3.1.1) from /Users/adityanarayan/.rvm/gems/ruby-2.1.0/specifications/rspec-expectations-3.1.1.gemspec
I, [2015-03-25T12:27:22.333527 #94476]  INFO -- : 0:  rspec-mocks (3.1.0) from /Users/adityanarayan/.rvm/gems/ruby-2.1.0/specifications/rspec-mocks-3.1.0.gemspec
I, [2015-03-25T12:27:22.333796 #94476]  INFO -- : 0:  rspec-rails (3.1.0) from /Users/adityanarayan/.rvm/gems/ruby-2.1.0/specifications/rspec-rails-3.1.0.gemspec
I, [2015-03-25T12:27:22.334934 #94476]  INFO -- : 0:  rubyzip (1.1.7) from /Users/adityanarayan/.rvm/gems/ruby-2.1.0/specifications/rubyzip-1.1.7.gemspec
I, [2015-03-25T12:27:22.337103 #94476]  INFO -- : 0:  sass (3.2.19) from /Users/adityanarayan/.rvm/gems/ruby-2.1.0/specifications/sass-3.2.19.gemspec
I, [2015-03-25T12:27:22.337954 #94476]  INFO -- : 0:  sass-rails (4.0.5) from /Users/adityanarayan/.rvm/gems/ruby-2.1.0/specifications/sass-rails-4.0.5.gemspec
I, [2015-03-25T12:27:22.338274 #94476]  INFO -- : 0:  sdoc (0.4.1) from /Users/adityanarayan/.rvm/gems/ruby-2.1.0/specifications/sdoc-0.4.1.gemspec
I, [2015-03-25T12:27:22.338557 #94476]  INFO -- : 0:  websocket (1.2.1) from /Users/adityanarayan/.rvm/gems/ruby-2.1.0/specifications/websocket-1.2.1.gemspec
I, [2015-03-25T12:27:22.338856 #94476]  INFO -- : 0:  selenium-webdriver (2.43.0) from /Users/adityanarayan/.rvm/gems/ruby-2.1.0/specifications/selenium-webdriver-2.43.0.gemspec
I, [2015-03-25T12:27:22.339128 #94476]  INFO -- : 0:  spring (1.3.3) from /Users/adityanarayan/.rvm/gems/ruby-2.1.0/specifications/spring-1.3.3.gemspec
I, [2015-03-25T12:27:22.339403 #94476]  INFO -- : 0:  sqlite3 (1.3.10) from /Users/adityanarayan/.rvm/gems/ruby-2.1.0/specifications/sqlite3-1.3.10.gemspec
I, [2015-03-25T12:27:22.339669 #94476]  INFO -- : 0:  turbolinks (2.5.3) from /Users/adityanarayan/.rvm/gems/ruby-2.1.0/specifications/turbolinks-2.5.3.gemspec
I, [2015-03-25T12:27:22.339945 #94476]  INFO -- : 0:  uglifier (2.7.1) from /Users/adityanarayan/.rvm/gems/ruby-2.1.0/specifications/uglifier-2.7.1.gemspec
